Saved 1755834 rows to client_data/client_0.csv
Saved 1755834 rows to client_data/client_1.csv
Saved 1755834 rows to client_data/client_2.csv
Saved 1755834 rows to client_data/client_3.csv
Saved 1755834 rows to client_data/client_4.csv
Saved 1755834 rows to client_data/client_5.csv
Saved 1755834 rows to client_data/client_6.csv
Saved 1755834 rows to client_data/client_7.csv
Saved 1755834 rows to client_data/client_8.csv
Saved 1755839 rows to client_data/client_9.csv
Starting client 7, CSV: client_data/client_7.csv
Epoch 1/5
Starting client 2, CSV: client_data/client_2.csv
Epoch 1/5
Starting client 4, CSV: client_data/client_4.csv
Epoch 1/5
Starting client 9, CSV: client_data/client_9.csv
Epoch 1/5
Starting client 3, CSV: client_data/client_3.csv
Epoch 1/5
Starting client 0, CSV: client_data/client_0.csv
Epoch 1/5
Starting client 8, CSV: client_data/client_8.csv
Epoch 1/5
Starting client 5, CSV: client_data/client_5.csv
Epoch 1/5
Starting client 6, CSV: client_data/client_6.csv
Epoch 1/5
Starting client 1, CSV: client_data/client_1.csv
Epoch 1/5
5487/5487 - 9s - 2ms/step - accuracy: 0.9448 - loss: 0.1053
Epoch 2/5
5487/5487 - 9s - 2ms/step - accuracy: 0.9437 - loss: 0.1069
Epoch 2/5
5487/5487 - 13s - 2ms/step - accuracy: 0.9463 - loss: 0.1027
Epoch 2/5
5487/5487 - 13s - 2ms/step - accuracy: 0.9435 - loss: 0.1060
Epoch 2/5
5487/5487 - 13s - 2ms/step - accuracy: 0.9438 - loss: 0.1065
5487/5487 - 13s - 2ms/step - accuracy: 0.9472 - loss: 0.1027
Epoch 2/5
Epoch 2/5
5487/5487 - 13s - 2ms/step - accuracy: 0.9467 - loss: 0.1015
Epoch 2/5
5487/5487 - 13s - 2ms/step - accuracy: 0.9467 - loss: 0.1043
Epoch 2/5
5487/5487 - 13s - 2ms/step - accuracy: 0.9457 - loss: 0.1041
Epoch 2/5
5487/5487 - 13s - 2ms/step - accuracy: 0.9463 - loss: 0.1054
Epoch 2/5
5487/5487 - 10s - 2ms/step - accuracy: 0.9916 - loss: 0.0192
Epoch 3/5
5487/5487 - 10s - 2ms/step - accuracy: 0.9928 - loss: 0.0150
Epoch 3/5
5487/5487 - 11s - 2ms/step - accuracy: 0.9950 - loss: 0.0108
Epoch 4/5
5487/5487 - 11s - 2ms/step - accuracy: 0.9938 - loss: 0.0138
Epoch 4/5
5487/5487 - 21s - 4ms/step - accuracy: 0.9924 - loss: 0.0166
Epoch 3/5
5487/5487 - 21s - 4ms/step - accuracy: 0.9918 - loss: 0.0172
Epoch 3/5
5487/5487 - 21s - 4ms/step - accuracy: 0.9925 - loss: 0.0158
5487/5487 - 21s - 4ms/step - accuracy: 0.9919 - loss: 0.0174
Epoch 3/5
Epoch 3/5
5487/5487 - 21s - 4ms/step - accuracy: 0.9926 - loss: 0.0163
Epoch 3/5
5487/5487 - 21s - 4ms/step - accuracy: 0.9914 - loss: 0.0188
Epoch 3/5
5487/5487 - 21s - 4ms/step - accuracy: 0.9922 - loss: 0.0171
Epoch 3/5
5487/5487 - 21s - 4ms/step - accuracy: 0.9917 - loss: 0.0172
Epoch 3/5
5487/5487 - 10s - 2ms/step - accuracy: 0.9947 - loss: 0.0113
Epoch 5/5
5487/5487 - 10s - 2ms/step - accuracy: 0.9956 - loss: 0.0092
Epoch 5/5
5487/5487 - 11s - 2ms/step - accuracy: 0.9952 - loss: 0.0097
5487/5487 - 11s - 2ms/step - accuracy: 0.9960 - loss: 0.0081
5487/5487 - 20s - 4ms/step - accuracy: 0.9944 - loss: 0.0122
5487/5487 - 20s - 4ms/step - accuracy: 0.9943 - loss: 0.0122
Epoch 4/5
Epoch 4/5
5487/5487 - 21s - 4ms/step - accuracy: 0.9944 - loss: 0.0131
Epoch 4/5
5487/5487 - 21s - 4ms/step - accuracy: 0.9940 - loss: 0.0130
Epoch 4/5
5487/5487 - 20s - 4ms/step - accuracy: 0.9939 - loss: 0.0136
Epoch 4/5
5487/5487 - 20s - 4ms/step - accuracy: 0.9945 - loss: 0.0129
5487/5487 - 20s - 4ms/step - accuracy: 0.9941 - loss: 0.0130
Epoch 4/5
Epoch 4/5
5487/5487 - 20s - 4ms/step - accuracy: 0.9941 - loss: 0.0131
Epoch 4/5
5487/5487 - 20s - 4ms/step - accuracy: 0.9951 - loss: 0.0113
Epoch 5/5
5487/5487 - 20s - 4ms/step - accuracy: 0.9947 - loss: 0.0112
Epoch 5/5
5487/5487 - 20s - 4ms/step - accuracy: 0.9952 - loss: 0.0099
5487/5487 - 20s - 4ms/step - accuracy: 0.9949 - loss: 0.0105
Epoch 5/5
Epoch 5/5
5487/5487 - 20s - 4ms/step - accuracy: 0.9947 - loss: 0.0115
Epoch 5/5
5487/5487 - 20s - 4ms/step - accuracy: 0.9950 - loss: 0.0112
Epoch 5/5
5487/5487 - 20s - 4ms/step - accuracy: 0.9950 - loss: 0.0114
Epoch 5/5
5487/5487 - 20s - 4ms/step - accuracy: 0.9950 - loss: 0.0109
Epoch 5/5
5487/5487 - 21s - 4ms/step - accuracy: 0.9955 - loss: 0.0101
5487/5487 - 21s - 4ms/step - accuracy: 0.9950 - loss: 0.0103
5487/5487 - 21s - 4ms/step - accuracy: 0.9958 - loss: 0.0087
5487/5487 - 21s - 4ms/step - accuracy: 0.9953 - loss: 0.0092
5487/5487 - 21s - 4ms/step - accuracy: 0.9953 - loss: 0.0099
5487/5487 - 20s - 4ms/step - accuracy: 0.9954 - loss: 0.0103
5487/5487 - 21s - 4ms/step - accuracy: 0.9957 - loss: 0.0099
5487/5487 - 20s - 4ms/step - accuracy: 0.9954 - loss: 0.0097
Epoch 1/5
Epoch 1/5
Epoch 1/5
Epoch 1/5
Epoch 1/5
Epoch 1/5
Epoch 1/5
Epoch 1/5
Epoch 1/5
Epoch 1/5
5487/5487 - 8s - 1ms/step - accuracy: 0.9954 - loss: 0.0110
Epoch 2/5
5487/5487 - 8s - 1ms/step - accuracy: 0.9949 - loss: 0.0115
Epoch 2/5
5487/5487 - 11s - 2ms/step - accuracy: 0.9951 - loss: 0.0114
Epoch 2/5
5487/5487 - 12s - 2ms/step - accuracy: 0.9949 - loss: 0.0114
Epoch 2/5
5487/5487 - 12s - 2ms/step - accuracy: 0.9951 - loss: 0.0112
Epoch 2/5
5487/5487 - 12s - 2ms/step - accuracy: 0.9949 - loss: 0.0115
Epoch 2/5
5487/5487 - 12s - 2ms/step - accuracy: 0.9950 - loss: 0.0112
Epoch 2/5
5487/5487 - 12s - 2ms/step - accuracy: 0.9951 - loss: 0.0114
Epoch 2/5
5487/5487 - 12s - 2ms/step - accuracy: 0.9950 - loss: 0.0117
Epoch 2/5
5487/5487 - 12s - 2ms/step - accuracy: 0.9949 - loss: 0.0118
Epoch 2/5
5487/5487 - 10s - 2ms/step - accuracy: 0.9958 - loss: 0.0090
Epoch 3/5
5487/5487 - 10s - 2ms/step - accuracy: 0.9955 - loss: 0.0095
Epoch 3/5
5487/5487 - 10s - 2ms/step - accuracy: 0.9958 - loss: 0.0085
Epoch 4/5
5487/5487 - 11s - 2ms/step - accuracy: 0.9962 - loss: 0.0081
Epoch 4/5
5487/5487 - 21s - 4ms/step - accuracy: 0.9957 - loss: 0.0093
Epoch 3/5
5487/5487 - 21s - 4ms/step - accuracy: 0.9955 - loss: 0.0095
Epoch 3/5
5487/5487 - 21s - 4ms/step - accuracy: 0.9956 - loss: 0.0093
Epoch 3/5
5487/5487 - 21s - 4ms/step - accuracy: 0.9955 - loss: 0.0094
Epoch 3/5
5487/5487 - 21s - 4ms/step - accuracy: 0.9956 - loss: 0.0093
Epoch 3/5
5487/5487 - 21s - 4ms/step - accuracy: 0.9957 - loss: 0.0092
Epoch 3/5
5487/5487 - 21s - 4ms/step - accuracy: 0.9956 - loss: 0.0096
Epoch 3/5
5487/5487 - 21s - 4ms/step - accuracy: 0.9955 - loss: 0.0098
Epoch 3/5
5487/5487 - 10s - 2ms/step - accuracy: 0.9962 - loss: 0.0076
Epoch 5/5
5487/5487 - 10s - 2ms/step - accuracy: 0.9965 - loss: 0.0072
Epoch 5/5
5487/5487 - 11s - 2ms/step - accuracy: 0.9965 - loss: 0.0070
5487/5487 - 11s - 2ms/step - accuracy: 0.9968 - loss: 0.0065
5487/5487 - 20s - 4ms/step - accuracy: 0.9959 - loss: 0.0084
Epoch 4/5
5487/5487 - 20s - 4ms/step - accuracy: 0.9961 - loss: 0.0081
Epoch 4/5
5487/5487 - 20s - 4ms/step - accuracy: 0.9958 - loss: 0.0083
Epoch 4/5
5487/5487 - 20s - 4ms/step - accuracy: 0.9960 - loss: 0.0082
5487/5487 - 20s - 4ms/step - accuracy: 0.9958 - loss: 0.0086
5487/5487 - 20s - 4ms/step - accuracy: 0.9962 - loss: 0.0081
Epoch 4/5
Epoch 4/5
Epoch 4/5
5487/5487 - 20s - 4ms/step - accuracy: 0.9959 - loss: 0.0084
Epoch 4/5
5487/5487 - 20s - 4ms/step - accuracy: 0.9957 - loss: 0.0088
Epoch 4/5
5487/5487 - 20s - 4ms/step - accuracy: 0.9963 - loss: 0.0075
Epoch 5/5
5487/5487 - 20s - 4ms/step - accuracy: 0.9961 - loss: 0.0079
Epoch 5/5
5487/5487 - 20s - 4ms/step - accuracy: 0.9964 - loss: 0.0074
Epoch 5/5
5487/5487 - 20s - 4ms/step - accuracy: 0.9963 - loss: 0.0074
Epoch 5/5
5487/5487 - 20s - 4ms/step - accuracy: 0.9963 - loss: 0.0074
Epoch 5/5
5487/5487 - 20s - 4ms/step - accuracy: 0.9960 - loss: 0.0081
Epoch 5/5
5487/5487 - 21s - 4ms/step - accuracy: 0.9964 - loss: 0.0074
Epoch 5/5
5487/5487 - 21s - 4ms/step - accuracy: 0.9965 - loss: 0.0073
Epoch 5/5
5487/5487 - 21s - 4ms/step - accuracy: 0.9966 - loss: 0.0067
5487/5487 - 21s - 4ms/step - accuracy: 0.9965 - loss: 0.0071
5487/5487 - 21s - 4ms/step - accuracy: 0.9967 - loss: 0.0066
5487/5487 - 21s - 4ms/step - accuracy: 0.9966 - loss: 0.0068
5487/5487 - 20s - 4ms/step - accuracy: 0.9967 - loss: 0.0066
5487/5487 - 20s - 4ms/step - accuracy: 0.9967 - loss: 0.0067
5487/5487 - 20s - 4ms/step - accuracy: 0.9967 - loss: 0.0068
5487/5487 - 21s - 4ms/step - accuracy: 0.9963 - loss: 0.0074
Epoch 1/5
Epoch 1/5
Epoch 1/5
Epoch 1/5
Epoch 1/5
Epoch 1/5
Epoch 1/5
Epoch 1/5
Epoch 1/5
Epoch 1/5
5487/5487 - 8s - 1ms/step - accuracy: 0.9966 - loss: 0.0067
Epoch 2/5
5487/5487 - 8s - 1ms/step - accuracy: 0.9969 - loss: 0.0061
Epoch 2/5
5487/5487 - 11s - 2ms/step - accuracy: 0.9968 - loss: 0.0065
Epoch 2/5
5487/5487 - 11s - 2ms/step - accuracy: 0.9967 - loss: 0.0068
Epoch 2/5
5487/5487 - 12s - 2ms/step - accuracy: 0.9969 - loss: 0.0064
Epoch 2/5
5487/5487 - 12s - 2ms/step - accuracy: 0.9968 - loss: 0.0064
Epoch 2/5
5487/5487 - 12s - 2ms/step - accuracy: 0.9969 - loss: 0.0063
Epoch 2/5
5487/5487 - 12s - 2ms/step - accuracy: 0.9966 - loss: 0.0072
Epoch 2/5
5487/5487 - 12s - 2ms/step - accuracy: 0.9966 - loss: 0.0068
Epoch 2/5
5487/5487 - 12s - 2ms/step - accuracy: 0.9968 - loss: 0.0064
Epoch 2/5
5487/5487 - 10s - 2ms/step - accuracy: 0.9968 - loss: 0.0061
Epoch 3/5
5487/5487 - 10s - 2ms/step - accuracy: 0.9972 - loss: 0.0055
Epoch 3/5
5487/5487 - 11s - 2ms/step - accuracy: 0.9974 - loss: 0.0051
Epoch 4/5
5487/5487 - 11s - 2ms/step - accuracy: 0.9971 - loss: 0.0056
Epoch 4/5
5487/5487 - 21s - 4ms/step - accuracy: 0.9971 - loss: 0.0058
Epoch 3/5
5487/5487 - 21s - 4ms/step - accuracy: 0.9969 - loss: 0.0061
Epoch 3/5
5487/5487 - 21s - 4ms/step - accuracy: 0.9971 - loss: 0.0057
Epoch 3/5
5487/5487 - 21s - 4ms/step - accuracy: 0.9970 - loss: 0.0059
Epoch 3/5
5487/5487 - 21s - 4ms/step - accuracy: 0.9971 - loss: 0.0057
5487/5487 - 21s - 4ms/step - accuracy: 0.9969 - loss: 0.0062
Epoch 3/5
Epoch 3/5
5487/5487 - 21s - 4ms/step - accuracy: 0.9971 - loss: 0.0057
Epoch 3/5
5487/5487 - 21s - 4ms/step - accuracy: 0.9969 - loss: 0.0066
Epoch 3/5
5487/5487 - 9s - 2ms/step - accuracy: 0.9972 - loss: 0.0052
Epoch 5/5
5487/5487 - 10s - 2ms/step - accuracy: 0.9975 - loss: 0.0048
Epoch 5/5
5487/5487 - 11s - 2ms/step - accuracy: 0.9976 - loss: 0.0048
5487/5487 - 11s - 2ms/step - accuracy: 0.9973 - loss: 0.0049
5487/5487 - 20s - 4ms/step - accuracy: 0.9973 - loss: 0.0052
Epoch 4/5
5487/5487 - 20s - 4ms/step - accuracy: 0.9971 - loss: 0.0059
Epoch 4/5
5487/5487 - 20s - 4ms/step - accuracy: 0.9972 - loss: 0.0054
Epoch 4/5
5487/5487 - 20s - 4ms/step - accuracy: 0.9972 - loss: 0.0054
Epoch 4/5
5487/5487 - 20s - 4ms/step - accuracy: 0.9973 - loss: 0.0053
Epoch 4/5
5487/5487 - 20s - 4ms/step - accuracy: 0.9972 - loss: 0.0060
Epoch 4/5
5487/5487 - 20s - 4ms/step - accuracy: 0.9970 - loss: 0.0058
Epoch 4/5
5487/5487 - 20s - 4ms/step - accuracy: 0.9973 - loss: 0.0052
Epoch 4/5
5487/5487 - 20s - 4ms/step - accuracy: 0.9975 - loss: 0.0049
Epoch 5/5
5487/5487 - 20s - 4ms/step - accuracy: 0.9972 - loss: 0.0055
Epoch 5/5
5487/5487 - 20s - 4ms/step - accuracy: 0.9974 - loss: 0.0051
Epoch 5/5
5487/5487 - 20s - 4ms/step - accuracy: 0.9972 - loss: 0.0056
Epoch 5/5
5487/5487 - 20s - 4ms/step - accuracy: 0.9972 - loss: 0.0054
Epoch 5/5
5487/5487 - 20s - 4ms/step - accuracy: 0.9976 - loss: 0.0047
Epoch 5/5
5487/5487 - 20s - 4ms/step - accuracy: 0.9973 - loss: 0.0050
Epoch 5/5
5487/5487 - 20s - 4ms/step - accuracy: 0.9973 - loss: 0.0052
Epoch 5/5
5487/5487 - 20s - 4ms/step - accuracy: 0.9976 - loss: 0.0046
5487/5487 - 20s - 4ms/step - accuracy: 0.9974 - loss: 0.0052
5487/5487 - 20s - 4ms/step - accuracy: 0.9974 - loss: 0.0049
5487/5487 - 20s - 4ms/step - accuracy: 0.9975 - loss: 0.0049
5487/5487 - 20s - 4ms/step - accuracy: 0.9976 - loss: 0.0047
5487/5487 - 20s - 4ms/step - accuracy: 0.9973 - loss: 0.0051
5487/5487 - 20s - 4ms/step - accuracy: 0.9974 - loss: 0.0051
5487/5487 - 20s - 4ms/step - accuracy: 0.9977 - loss: 0.0044
Starting Flower server on localhost:8080...
